[0228/143539.357:ERROR:process_info.cc(608)] range at 0x12d035d000000000, size 0x1a4 fully unreadable
[0228/143539.359:ERROR:process_info.cc(608)] range at 0x12d0363800000000, size 0x1a4 fully unreadable
[0228/143539.359:ERROR:process_info.cc(608)] range at 0x0, size 0x1a4 fully unreadable
[0228/143539.384:WARNING:in_range_cast.h(38)] value 1804201889920 out of range
[0228/143539.384:WARNING:in_range_cast.h(38)] value 1804201892388 out of range
[0228/143539.384:WARNING:in_range_cast.h(38)] value 1804201891592 out of range
[0228/143539.384:WARNING:in_range_cast.h(38)] value 1804201889920 out of range
[0228/143539.422:ERROR:process_reader_win.cc(233)] ReadMemory at 0x6757be000 of 73728 bytes failed: 仅完成部分的 ReadProcessMemory 或 WriteProcessMemory 请求。 (0x12B)
[0228/143539.423:ERROR:crash_report_exception_handler.cc(111)] WriteEverything failed
[0228/143539.424:ERROR:scoped_process_suspend.cc(38)] NtResumeProcess: 已尝试访问正在退出的过程。  (0xc000010a)
[0228/143737.025:ERROR:process_reader_win.cc(114)] NtOpenThread: {无法访问} 过程已请求访问一对象，但未给访问权限。  (0xc0000022)
[0228/143737.026:ERROR:exception_snapshot_win.cc(87)] thread ID 4792 not found in process
[0228/143737.026:WARNING:crash_report_exception_handler.cc(60)] ProcessSnapshotWin::Initialize failed
[0228/143750.933:ERROR:process_info.cc(608)] range at 0x643b35d200000000, size 0x20b fully unreadable
[0228/143750.934:ERROR:process_info.cc(608)] range at 0x643b363a00000000, size 0x20b fully unreadable
[0228/143750.934:ERROR:process_info.cc(608)] range at 0x0, size 0x20b fully unreadable
[0228/143750.957:WARNING:in_range_cast.h(38)] value 2247949489094 out of range
[0228/143750.957:WARNING:in_range_cast.h(38)] value 2247949491650 out of range
[0228/143750.957:WARNING:in_range_cast.h(38)] value 2247949491400 out of range
[0228/143750.957:WARNING:in_range_cast.h(38)] value 2247949488120 out of range
[0228/143750.993:ERROR:process_reader_win.cc(233)] ReadMemory at 0xb209eed000 of 77824 bytes failed: 仅完成部分的 ReadProcessMemory 或 WriteProcessMemory 请求。 (0x12B)
[0228/143750.994:ERROR:crash_report_exception_handler.cc(111)] WriteEverything failed
[0228/143750.995:ERROR:scoped_process_suspend.cc(38)] NtResumeProcess: 已尝试访问正在退出的过程。  (0xc000010a)
[0228/143826.548:ERROR:process_info.cc(608)] range at 0x276c35ce00000000, size 0x1ae fully unreadable
[0228/143826.550:ERROR:process_info.cc(608)] range at 0x276c363600000000, size 0x1ae fully unreadable
[0228/143826.550:ERROR:process_info.cc(608)] range at 0x0, size 0x1ae fully unreadable
[0228/143826.577:WARNING:in_range_cast.h(38)] value 1847497330574 out of range
[0228/143826.577:WARNING:in_range_cast.h(38)] value 1847497335766 out of range
[0228/143826.577:WARNING:in_range_cast.h(38)] value 1847497332732 out of range
[0228/143826.577:WARNING:in_range_cast.h(38)] value 1847497333188 out of range
[0228/143826.609:ERROR:process_reader_win.cc(233)] ReadMemory at 0x577e0ed000 of 77824 bytes failed: 仅完成部分的 ReadProcessMemory 或 WriteProcessMemory 请求。 (0x12B)
[0228/143826.609:ERROR:crash_report_exception_handler.cc(111)] WriteEverything failed
[0228/143826.610:ERROR:scoped_process_suspend.cc(38)] NtResumeProcess: 已尝试访问正在退出的过程。  (0xc000010a)
[0228/151022.086:ERROR:process_info.cc(608)] range at 0xab0435ca00000000, size 0x219 fully unreadable
[0228/151022.087:ERROR:process_info.cc(608)] range at 0xab04363200000000, size 0x219 fully unreadable
[0228/151022.087:ERROR:process_info.cc(608)] range at 0x0, size 0x219 fully unreadable
[0228/151022.117:WARNING:in_range_cast.h(38)] value 2309266608200 out of range
[0228/151022.117:WARNING:in_range_cast.h(38)] value 2309266613086 out of range
[0228/151022.117:WARNING:in_range_cast.h(38)] value 2309266610410 out of range
[0228/151022.117:WARNING:in_range_cast.h(38)] value 2309266608004 out of range
[0228/151022.150:ERROR:process_reader_win.cc(233)] ReadMemory at 0xdb24b4d000 of 77824 bytes failed: 仅完成部分的 ReadProcessMemory 或 WriteProcessMemory 请求。 (0x12B)
[0228/151022.150:ERROR:crash_report_exception_handler.cc(111)] WriteEverything failed
[0228/151022.151:ERROR:scoped_process_suspend.cc(38)] NtResumeProcess: 已尝试访问正在退出的过程。  (0xc000010a)
[0228/151728.087:ERROR:process_info.cc(608)] range at 0x44a835d200000000, size 0x196 fully unreadable
[0228/151728.087:ERROR:process_info.cc(608)] range at 0x44a8363a00000000, size 0x196 fully unreadable
[0228/151728.088:ERROR:process_info.cc(608)] range at 0x0, size 0x196 fully unreadable
[0228/151728.122:WARNING:in_range_cast.h(38)] value 1744908587138 out of range
[0228/151728.122:WARNING:in_range_cast.h(38)] value 1744908591408 out of range
[0228/151728.122:WARNING:in_range_cast.h(38)] value 1744908587628 out of range
[0228/151728.122:WARNING:in_range_cast.h(38)] value 1744908589802 out of range
[0228/151728.160:ERROR:process_reader_win.cc(233)] ReadMemory at 0x1fcf38d000 of 77824 bytes failed: 仅完成部分的 ReadProcessMemory 或 WriteProcessMemory 请求。 (0x12B)
[0228/151728.160:ERROR:crash_report_exception_handler.cc(111)] WriteEverything failed
[0228/151728.162:ERROR:scoped_process_suspend.cc(38)] NtResumeProcess: 已尝试访问正在退出的过程。  (0xc000010a)
[0228/151755.473:ERROR:process_info.cc(608)] range at 0xa9de35d200000000, size 0x1f1 fully unreadable
[0228/151755.475:ERROR:process_info.cc(608)] range at 0xa9de363a00000000, size 0x1f1 fully unreadable
[0228/151755.475:ERROR:process_info.cc(608)] range at 0x0, size 0x1f1 fully unreadable
[0228/151755.504:WARNING:in_range_cast.h(38)] value 2137448649150 out of range
[0228/151755.504:WARNING:in_range_cast.h(38)] value 2137448651648 out of range
[0228/151755.504:WARNING:in_range_cast.h(38)] value 2137448649390 out of range
[0228/151755.504:WARNING:in_range_cast.h(38)] value 2137448648702 out of range
[0228/151755.541:ERROR:process_reader_win.cc(233)] ReadMemory at 0x6fff4ed000 of 77824 bytes failed: 仅完成部分的 ReadProcessMemory 或 WriteProcessMemory 请求。 (0x12B)
[0228/151755.542:ERROR:crash_report_exception_handler.cc(111)] WriteEverything failed
[0228/151755.543:ERROR:scoped_process_suspend.cc(38)] NtResumeProcess: 已尝试访问正在退出的过程。  (0xc000010a)
[0228/151832.571:ERROR:process_reader_win.cc(114)] NtOpenThread: {无法访问} 过程已请求访问一对象，但未给访问权限。  (0xc0000022)
[0228/151832.572:ERROR:exception_snapshot_win.cc(87)] thread ID 9540 not found in process
[0228/151832.572:WARNING:crash_report_exception_handler.cc(60)] ProcessSnapshotWin::Initialize failed
[0228/151959.080:ERROR:process_info.cc(608)] range at 0x902635d000000000, size 0x1be fully unreadable
[0228/151959.080:ERROR:process_info.cc(608)] range at 0x9026363600000000, size 0x1be fully unreadable
[0228/151959.081:ERROR:process_info.cc(608)] range at 0x0, size 0x1be fully unreadable
[0228/151959.114:WARNING:in_range_cast.h(38)] value 1917973828948 out of range
[0228/151959.114:WARNING:in_range_cast.h(38)] value 1917973831772 out of range
[0228/151959.114:WARNING:in_range_cast.h(38)] value 1917973829342 out of range
[0228/151959.114:WARNING:in_range_cast.h(38)] value 1917973828426 out of range
[0228/151959.152:ERROR:process_reader_win.cc(233)] ReadMemory at 0x772fb9d000 of 77824 bytes failed: 仅完成部分的 ReadProcessMemory 或 WriteProcessMemory 请求。 (0x12B)
[0228/151959.152:ERROR:crash_report_exception_handler.cc(111)] WriteEverything failed
[0228/151959.154:ERROR:scoped_process_suspend.cc(38)] NtResumeProcess: 已尝试访问正在退出的过程。  (0xc000010a)
[0228/152644.706:ERROR:process_reader_win.cc(114)] NtOpenThread: {无法访问} 过程已请求访问一对象，但未给访问权限。  (0xc0000022)
[0228/152644.708:ERROR:exception_snapshot_win.cc(87)] thread ID 2188 not found in process
[0228/152644.708:WARNING:crash_report_exception_handler.cc(60)] ProcessSnapshotWin::Initialize failed
[0228/153248.355:ERROR:process_reader_win.cc(114)] NtOpenThread: {无法访问} 过程已请求访问一对象，但未给访问权限。  (0xc0000022)
[0228/153248.356:ERROR:exception_snapshot_win.cc(87)] thread ID 14932 not found in process
[0228/153248.356:WARNING:crash_report_exception_handler.cc(60)] ProcessSnapshotWin::Initialize failed
[0228/153306.098:ERROR:process_info.cc(608)] range at 0x1c4535d000000000, size 0x1d5 fully unreadable
[0228/153306.099:ERROR:process_info.cc(608)] range at 0x1c45363800000000, size 0x1d5 fully unreadable
[0228/153306.099:ERROR:process_info.cc(608)] range at 0x0, size 0x1d5 fully unreadable
[0228/153306.126:WARNING:in_range_cast.h(38)] value 2014813949790 out of range
[0228/153306.126:WARNING:in_range_cast.h(38)] value 2014813954526 out of range
[0228/153306.126:WARNING:in_range_cast.h(38)] value 2014813950010 out of range
[0228/153306.126:WARNING:in_range_cast.h(38)] value 2014813953372 out of range
[0228/153306.161:ERROR:process_reader_win.cc(233)] ReadMemory at 0x9b741be000 of 73728 bytes failed: 仅完成部分的 ReadProcessMemory 或 WriteProcessMemory 请求。 (0x12B)
[0228/153306.162:ERROR:crash_report_exception_handler.cc(111)] WriteEverything failed
[0228/153306.163:ERROR:scoped_process_suspend.cc(38)] NtResumeProcess: 已尝试访问正在退出的过程。  (0xc000010a)
[0228/153616.914:ERROR:process_info.cc(608)] range at 0xc1f335c800000000, size 0x229 fully unreadable
[0228/153616.915:ERROR:process_info.cc(608)] range at 0xc1f3363000000000, size 0x229 fully unreadable
[0228/153616.915:ERROR:process_info.cc(608)] range at 0x0, size 0x229 fully unreadable
[0228/153616.937:WARNING:in_range_cast.h(38)] value 2378370846750 out of range
[0228/153616.937:WARNING:in_range_cast.h(38)] value 2378370851432 out of range
[0228/153616.937:WARNING:in_range_cast.h(38)] value 2378370849590 out of range
[0228/153616.937:WARNING:in_range_cast.h(38)] value 2378370846940 out of range
[0228/153616.971:ERROR:process_reader_win.cc(233)] ReadMemory at 0x4b6fbde000 of 73728 bytes failed: 仅完成部分的 ReadProcessMemory 或 WriteProcessMemory 请求。 (0x12B)
[0228/153616.972:ERROR:crash_report_exception_handler.cc(111)] WriteEverything failed
[0228/153616.973:ERROR:scoped_process_suspend.cc(38)] NtResumeProcess: 已尝试访问正在退出的过程。  (0xc000010a)
[0228/153652.125:ERROR:process_info.cc(608)] range at 0xad5f35d000000000, size 0x1e5 fully unreadable
[0228/153652.126:ERROR:process_info.cc(608)] range at 0xad5f363800000000, size 0x1e5 fully unreadable
[0228/153652.126:ERROR:process_info.cc(608)] range at 0x0, size 0x1e5 fully unreadable
[0228/153652.154:WARNING:in_range_cast.h(38)] value 2085967827760 out of range
[0228/153652.154:WARNING:in_range_cast.h(38)] value 2085967831532 out of range
[0228/153652.154:WARNING:in_range_cast.h(38)] value 2085967827662 out of range
[0228/153652.154:WARNING:in_range_cast.h(38)] value 2085967831460 out of range
[0228/153652.185:ERROR:process_reader_win.cc(233)] ReadMemory at 0xb028ed000 of 77824 bytes failed: 仅完成部分的 ReadProcessMemory 或 WriteProcessMemory 请求。 (0x12B)
[0228/153652.185:ERROR:crash_report_exception_handler.cc(111)] WriteEverything failed
[0228/153652.187:ERROR:scoped_process_suspend.cc(38)] NtResumeProcess: 已尝试访问正在退出的过程。  (0xc000010a)
